  modelWithLight.cpp
c:\users\34778\desktop\myopengl\modelimport\modelimport\modelimport\modelwithlight.cpp(186): warning C4244: “=”: 从“double”转换到“GLfloat”，可能丢失数据
c:\users\34778\desktop\myopengl\modelimport\modelimport\modelimport\modelwithlight.cpp(187): warning C4244: “=”: 从“double”转换到“GLfloat”，可能丢失数据
c:\users\34778\desktop\myopengl\modelimport\modelimport\modelimport\modelwithlight.cpp(191): warning C4244: “初始化”: 从“double”转换到“GLfloat”，可能丢失数据
c:\users\34778\desktop\myopengl\modelimport\modelimport\modelimport\modelwithlight.cpp(192): warning C4244: “初始化”: 从“double”转换到“GLfloat”，可能丢失数据
c:\users\34778\desktop\myopengl\modelimport\modelimport\modelimport\modelwithlight.cpp(194): warning C4244: “=”: 从“double”转换到“GLfloat”，可能丢失数据
c:\users\34778\desktop\myopengl\modelimport\modelimport\modelimport\modelwithlight.cpp(195): warning C4244: “=”: 从“double”转换到“GLfloat”，可能丢失数据
c:\users\34778\desktop\myopengl\modelimport\modelimport\modelimport\modelwithlight.cpp(202): warning C4244: “参数”: 从“double”转换到“GLfloat”，可能丢失数据
  SOIL.lib(SOIL.obj) : 找到 MSIL .netmodule 或使用 /GL 编译的模块；正在使用 /LTCG 重新启动链接；将 /LTCG 添加到链接命令行以改进链接器性能
LINK : warning LNK4075: 忽略“/INCREMENTAL”(由于“/LTCG”规范)
modelWithLight.obj : warning LNK4075: 忽略“/EDITANDCONTINUE”(由于“/OPT:LBR”规范)
LINK : warning LNK4098: 默认库“MSVCRT”与其他库的使用冲突；请使用 /NODEFAULTLIB:library
LINK : warning LNK4098: 默认库“LIBCMT”与其他库的使用冲突；请使用 /NODEFAULTLIB:library
  正在生成代码
  已完成代码的生成
SOIL.lib(SOIL.obj) : warning LNK4099: 未找到 PDB“vc110.pdb”(使用“SOIL.lib(SOIL.obj)”或在“C:\Users\34778\Desktop\MyOpengl\modelImport\modelImport\Debug\vc110.pdb”中寻找)；正在链接对象，如同没有调试信息一样
SOIL.lib(stb_image_aug.obj) : warning LNK4099: 未找到 PDB“vc110.pdb”(使用“SOIL.lib(stb_image_aug.obj)”或在“C:\Users\34778\Desktop\MyOpengl\modelImport\modelImport\Debug\vc110.pdb”中寻找)；正在链接对象，如同没有调试信息一样
SOIL.lib(image_helper.obj) : warning LNK4099: 未找到 PDB“vc110.pdb”(使用“SOIL.lib(image_helper.obj)”或在“C:\Users\34778\Desktop\MyOpengl\modelImport\modelImport\Debug\vc110.pdb”中寻找)；正在链接对象，如同没有调试信息一样
SOIL.lib(image_DXT.obj) : warning LNK4099: 未找到 PDB“vc110.pdb”(使用“SOIL.lib(image_DXT.obj)”或在“C:\Users\34778\Desktop\MyOpengl\modelImport\modelImport\Debug\vc110.pdb”中寻找)；正在链接对象，如同没有调试信息一样
glew32s.lib(glew.obj) : warning LNK4099: 未找到 PDB“vc110.pdb”(使用“glew32s.lib(glew.obj)”或在“C:\Users\34778\Desktop\MyOpengl\modelImport\modelImport\Debug\vc110.pdb”中寻找)；正在链接对象，如同没有调试信息一样
  modelImport.vcxproj -> C:\Users\34778\Desktop\MyOpengl\modelImport\modelImport\Debug\modelImport.exe
  modelImport.vcxproj -> C:\Users\34778\Desktop\MyOpengl\modelImport\modelImport\Debug\modelImport.pdb (Partial PDB)
